<?xml version="1.0" encoding="UTF-8"?>
<!-- Generated by org.testng.reporters.JUnitReportReporter -->
<testsuite ignored="0" hostname="DESKTOP-I6POQ2I" failures="0" tests="1" name="restAPI.GETAPI" time="6.630" errors="0" timestamp="03 Nov 2020 01:02:01 GMT" skipped="0">
  <testcase classname="restAPI.GETAPI" name="test1" time="6.630"/>
</testsuite> <!-- restAPI.GETAPI -->
